
> reap-asia@0.1.0 build
> next build

▲ Next.js 16.2.1 (Turbopack)
- Environments: .env.local

⚠ The "middleware" file convention is deprecated. Please use "proxy" instead. Learn more: https://nextjs.org/docs/messages/middleware-to-proxy
  Creating an optimized production build ...
✓ Compiled successfully in 9.6s
  Running TypeScript ...
  Finished TypeScript in 8.1s ...
  Collecting page data using 15 workers ...
  Generating static pages using 15 workers (0/17) ...
  Generating static pages using 15 workers (4/17) 
  Generating static pages using 15 workers (8/17) 
Error fetching blog images: Error: Dynamic server usage: Route /our-work couldn't be rendered statically because it used `cookies`. See more info here: https://nextjs.org/docs/messages/dynamic-server-error
    at y (C:\Projects\New folder\reap-asia\.next\server\chunks\ssr\_0kk47nk._.js:1:12426)
    at n (C:\Projects\New folder\reap-asia\.next\server\chunks\ssr\_0kk47nk._.js:4:16183)
    at cJ (C:\Projects\New folder\reap-asia\.next\server\chunks\ssr\_0kk47nk._.js:58:71)
    at j (C:\Projects\New folder\reap-asia\.next\server\chunks\ssr\[root-of-the-server]__0bim~h7._.js:3:2078)
    at stringify (<anonymous>) {
  description: "Route /our-work couldn't be rendered statically because it used `cookies`. See more info here: https://nextjs.org/docs/messages/dynamic-server-error",
  digest: 'DYNAMIC_SERVER_USAGE'
}
  Generating static pages using 15 workers (12/17) 
✓ Generating static pages using 15 workers (17/17) in 1091ms
  Finalizing page optimization ...

Route (app)
┌ ƒ /
├ ○ /_not-found
├ ○ /about
├ ƒ /admin
├ ƒ /admin/blog
├ ƒ /admin/blog/[id]/edit
├ ƒ /admin/blog/new
├ ○ /admin/login
├ ƒ /admin/thought
├ ƒ /api/contact
├ ƒ /blog
├ ƒ /blog/[slug]
├ ○ /contact
├ ○ /donate
├ ○ /mission-field
├ ○ /mission-station
└ ƒ /our-work


ƒ Proxy (Middleware)

○  (Static)   prerendered as static content
ƒ  (Dynamic)  server-rendered on demand

