
> reap-asia@0.1.0 build
> next build

▲ Next.js 16.2.1 (Turbopack)
- Environments: .env.local

⚠ The "middleware" file convention is deprecated. Please use "proxy" instead. Learn more: https://nextjs.org/docs/messages/middleware-to-proxy
  Creating an optimized production build ...

> Build error occurred
Error: Turbopack build failed with 2 errors:
./app/blog/[slug]/page.tsx:10:1
Module not found: Can't resolve '../shared-page.module.css'
  [90m 8 |[0m [36mimport[0m [36mtype[0m { [33mMetadata[0m } [36mfrom[0m [32m'next'[0m
  [90m 9 |[0m [36mimport[0m styles [36mfrom[0m [32m'./blog.module.css'[0m
[31m[1m>[0m [90m10 |[0m [36mimport[0m sharedStyles [36mfrom[0m [32m'../shared-page.module.css'[0m
  [90m   |[0m [31m[1m^^^^^^^^^^^^^^^^^^^^^^^^^^^^^^^^^^^^^^^^^^^^^^^^^^^^[0m
  [90m11 |[0m
  [90m12 |[0m [36minterface[0m [33mPageProps[0m {
  [90m13 |[0m   params: [33mPromise[0m<{ slug: string }>



https://nextjs.org/docs/messages/module-not-found


./app/blog/[slug]/page.tsx:9:1
Module not found: Can't resolve './blog.module.css'
  [90m 7 |[0m [36mimport[0m { formatDate } [36mfrom[0m [32m'@/lib/utils'[0m
  [90m 8 |[0m [36mimport[0m [36mtype[0m { [33mMetadata[0m } [36mfrom[0m [32m'next'[0m
[31m[1m>[0m [90m 9 |[0m [36mimport[0m styles [36mfrom[0m [32m'./blog.module.css'[0m
  [90m   |[0m [31m[1m^^^^^^^^^^^^^^^^^^^^^^^^^^^^^^^^^^^^^^[0m
  [90m10 |[0m [36mimport[0m sharedStyles [36mfrom[0m [32m'../shared-page.module.css'[0m
  [90m11 |[0m
  [90m12 |[0m [36minterface[0m [33mPageProps[0m {



https://nextjs.org/docs/messages/module-not-found


    at <unknown> (./app/blog/[slug]/page.tsx:10:1)
    at <unknown> (https://nextjs.org/docs/messages/module-not-found)
    at <unknown> (./app/blog/[slug]/page.tsx:9:1)
    at <unknown> (https://nextjs.org/docs/messages/module-not-found)
